<?xml version="1.0" encoding="UTF-8"?>
<!-- Generated by org.testng.reporters.JUnitReportReporter -->
<testsuite hostname="Mohammads-MacBook-Air.local" failures="0" tests="1" name="lec29_java_selenium.B_use_of_get_method" time="0.136" errors="0" timestamp="2021-09-01T20:49:22 EDT" skipped="0">
  <testcase classname="lec29_java_selenium.B_use_of_get_method" name="loginButtonTest" time="0.136"/>
  <system-out/>
</testsuite> <!-- lec29_java_selenium.B_use_of_get_method -->
